Archivo: prueba.cpp
Fecha y hora: 02/12/2024 23:08:35
----------------------------------
using = Identificador
Constructor lenguaje
System = Identificador
; = FinSentencia
using = Identificador
System = Identificador
. = Caracter
Collections = Identificador
. = Caracter
Generic = Identificador
; = FinSentencia
using = Identificador
System = Identificador
. = Caracter
Linq = Identificador
; = FinSentencia
using = Identificador
System = Identificador
. = Caracter
Threading = Identificador
. = Caracter
Tasks = Identificador
; = FinSentencia
static = Identificador
void = Identificador
Main = Identificador
( = Caracter
string = Identificador
[ = Caracter
] = Caracter
args = Identificador
) = Caracter
{ = InicioBloque
int = TipoDato
a = Identificador
= = Asignacion
2 = Numero
; = FinSentencia
int = TipoDato
b = Identificador
= = Asignacion
3 = Numero
; = FinSentencia
if = PalabraReservada
( = Caracter
a = Identificador
== = OperadorRelacional
b = Identificador
) = Caracter
{ = InicioBloque
Console = Identificador
. = Caracter
WriteLine = Identificador
( = Caracter
"a es igual a " = Cadena
+ = OperadorTermino
b = Identificador
) = Caracter
; = FinSentencia
} = FinBloque
else = PalabraReservada
if = PalabraReservada
( = Caracter
a = Identificador
!= = OperadorRelacional
b = Identificador
) = Caracter
{ = InicioBloque
Console = Identificador
. = Caracter
WriteLine = Identificador
( = Caracter
"a no es igual a " = Cadena
+ = OperadorTermino
b = Identificador
) = Caracter
; = FinSentencia
a = Identificador
++ = IncrementoTermino
; = FinSentencia
if = PalabraReservada
( = Caracter
a = Identificador
== = OperadorRelacional
b = Identificador
) = Caracter
{ = InicioBloque
Console = Identificador
. = Caracter
WriteLine = Identificador
( = Caracter
"a ahora es igual a " = Cadena
+ = OperadorTermino
b = Identificador
) = Caracter
; = FinSentencia
} = FinBloque
} = FinBloque
Lista de variables: 
a Int 3
b Int 3
