Archivo: prueba2.cpp
Fecha y hora: 29/11/2024 15:04:49
----------------------------------
using = Identificador
Constructor lenguaje
System = Identificador
; = FinSentencia
using = Identificador
System = Identificador
. = Caracter
Collections = Identificador
. = Caracter
Generic = Identificador
; = FinSentencia
using = Identificador
System = Identificador
. = Caracter
Linq = Identificador
; = FinSentencia
using = Identificador
System = Identificador
. = Caracter
Threading = Identificador
. = Caracter
Tasks = Identificador
; = FinSentencia
static = Identificador
void = Identificador
Main = Identificador
( = Caracter
string = Identificador
[ = Caracter
] = Caracter
args = Identificador
) = Caracter
{ = InicioBloque
int = TipoDato
a = Identificador
, = Caracter
b = Identificador
= = Asignacion
2 = Numero
; = FinSentencia
a = Identificador
= = Asignacion
61 = Numero
; = FinSentencia
int = TipoDato
v = Identificador
= = Asignacion
2 = Numero
+ = OperadorTermino
3 = Numero
; = FinSentencia
int = TipoDato
c = Identificador
= = Asignacion
0 = Numero
; = FinSentencia
c = Identificador
++ = IncrementoTermino
; = FinSentencia
if = PalabraReservada
( = Caracter
a = Identificador
+ = OperadorTermino
9 = Numero
== = OperadorRelacional
70 = Numero
) = Caracter
{ = InicioBloque
Console = Identificador
. = Caracter
WriteLine = Identificador
( = Caracter
"Es verdadero" = Cadena
) = Caracter
; = FinSentencia
if = PalabraReservada
( = Caracter
b = Identificador
== = OperadorRelacional
2 = Numero
) = Caracter
{ = InicioBloque
if = PalabraReservada
( = Caracter
b = Identificador
> = OperadorRelacional
3 = Numero
) = Caracter
{ = InicioBloque
} = FinBloque
} = FinBloque
} = FinBloque
Lista de variables: 
a Int 61
b Int 0
v Int 0
c Int 1
